<?xml version="1.0" encoding="UTF-8"?>
<coverage generated="1771610322949" clover="3.2.0">
  <project timestamp="1771610322949" name="All files">
    <metrics statements="18" coveredstatements="17" conditionals="4" coveredconditionals="2" methods="8" coveredmethods="7" elements="30" coveredelements="26" complexity="0" loc="18" ncloc="18" packages="4" files="5" classes="5"/>
    <package name="app">
      <metrics statements="3" coveredstatements="3" conditionals="0" coveredconditionals="0" methods="1" coveredmethods="1"/>
      <file name="ThemeContext.tsx" path="C:\Users\Usuario\Documents\CURSO 25-26\DESARROLLO DE INTERFACES\futsaleague\app\ThemeContext.tsx">
        <metrics statements="3" coveredstatements="3" conditionals="0" coveredconditionals="0" methods="1" coveredmethods="1"/>
        <line num="3" count="1" type="stmt"/>
        <line num="6" count="1" type="stmt"/>
        <line num="8" count="1" type="stmt"/>
      </file>
    </package>
    <package name="app.(tabs)">
      <metrics statements="11" coveredstatements="10" conditionals="4" coveredconditionals="2" methods="5" coveredmethods="4"/>
      <file name="search.tsx" path="C:\Users\Usuario\Documents\CURSO 25-26\DESARROLLO DE INTERFACES\futsaleague\app\(tabs)\search.tsx">
        <metrics statements="11" coveredstatements="10" conditionals="4" coveredconditionals="2" methods="5" coveredmethods="4"/>
        <line num="17" count="1" type="stmt"/>
        <line num="71" count="2" type="stmt"/>
        <line num="72" count="2" type="stmt"/>
        <line num="74" count="2" type="stmt"/>
        <line num="75" count="2" type="cond" truecount="1" falsecount="1"/>
        <line num="77" count="6000" type="stmt"/>
        <line num="83" count="2" type="stmt"/>
        <line num="85" count="2" type="stmt"/>
        <line num="106" count="30" type="stmt"/>
        <line num="108" count="26" type="stmt"/>
        <line num="117" count="0" type="stmt"/>
      </file>
    </package>
    <package name="app.(tabs).utils">
      <metrics statements="2" coveredstatements="2" conditionals="0" coveredconditionals="0" methods="2" coveredmethods="2"/>
      <file name="filtros.ts" path="C:\Users\Usuario\Documents\CURSO 25-26\DESARROLLO DE INTERFACES\futsaleague\app\(tabs)\utils\filtros.ts">
        <metrics statements="2" coveredstatements="2" conditionals="0" coveredconditionals="0" methods="2" coveredmethods="2"/>
        <line num="2" count="5" type="stmt"/>
        <line num="3" count="59" type="stmt"/>
      </file>
    </package>
    <package name="constants">
      <metrics statements="2" coveredstatements="2" conditionals="0" coveredconditionals="0" methods="0" coveredmethods="0"/>
      <file name="colors.ts" path="C:\Users\Usuario\Documents\CURSO 25-26\DESARROLLO DE INTERFACES\futsaleague\constants\colors.ts">
        <metrics statements="1" coveredstatements="1" conditionals="0" coveredconditionals="0" methods="0" coveredmethods="0"/>
        <line num="1" count="1" type="stmt"/>
      </file>
      <file name="teams.ts" path="C:\Users\Usuario\Documents\CURSO 25-26\DESARROLLO DE INTERFACES\futsaleague\constants\teams.ts">
        <metrics statements="1" coveredstatements="1" conditionals="0" coveredconditionals="0" methods="0" coveredmethods="0"/>
        <line num="9" count="1" type="stmt"/>
      </file>
    </package>
  </project>
</coverage>
