{"C:\\Users\\Usuario\\Documents\\CURSO 25-26\\DESARROLLO DE INTERFACES\\futsaleague\\app\\ThemeContext.tsx": {"path":"C:\\Users\\Usuario\\Documents\\CURSO 25-26\\DESARROLLO DE INTERFACES\\futsaleague\\app\\ThemeContext.tsx","statementMap":{"0":{"start":{"line":3,"column":28},"end":{"line":3,"column":47}},"1":{"start":{"line":6,"column":28},"end":{"line":6,"column":46}},"2":{"start":{"line":8,"column":2},"end":{"line":12,"column":4}}},"fnMap":{"0":{"name":"ThemeProvider","decl":{"start":{"line":5,"column":24},"end":{"line":5,"column":37}},"loc":{"start":{"line":5,"column":52},"end":{"line":13,"column":1}},"line":5}},"branchMap":{},"s":{"0":1,"1":1,"2":1},"f":{"0":1},"b":{},"_coverageSchema":"1a1c01bbd47fc00a2c39e90264f33305004495a9","hash":"8fcb41494bff6c07b0bbd27ddcaed11c191d22a9"}
,"C:\\Users\\Usuario\\Documents\\CURSO 25-26\\DESARROLLO DE INTERFACES\\futsaleague\\app\\(tabs)\\search.tsx": {"path":"C:\\Users\\Usuario\\Documents\\CURSO 25-26\\DESARROLLO DE INTERFACES\\futsaleague\\app\\(tabs)\\search.tsx","statementMap":{"0":{"start":{"line":17,"column":15},"end":{"line":68,"column":2}},"1":{"start":{"line":71,"column":28},"end":{"line":71,"column":40}},"2":{"start":{"line":72,"column":17},"end":{"line":72,"column":28}},"3":{"start":{"line":74,"column":20},"end":{"line":74,"column":44}},"4":{"start":{"line":75,"column":23},"end":{"line":75,"column":72}},"5":{"start":{"line":77,"column":24},"end":{"line":81,"column":5}},"6":{"start":{"line":77,"column":64},"end":{"line":81,"column":3}},"7":{"start":{"line":83,"column":16},"end":{"line":83,"column":44}},"8":{"start":{"line":85,"column":2},"end":{"line":144,"column":4}},"9":{"start":{"line":106,"column":32},"end":{"line":106,"column":50}},"10":{"start":{"line":108,"column":10},"end":{"line":138,"column":22}},"11":{"start":{"line":117,"column":14},"end":{"line":117,"column":57}}},"fnMap":{"0":{"name":"SearchScreen","decl":{"start":{"line":70,"column":24},"end":{"line":70,"column":36}},"loc":{"start":{"line":70,"column":39},"end":{"line":145,"column":1}},"line":70},"1":{"name":"(anonymous_1)","decl":{"start":{"line":77,"column":53},"end":{"line":77,"column":54}},"loc":{"start":{"line":77,"column":64},"end":{"line":81,"column":3}},"line":77},"2":{"name":"(anonymous_2)","decl":{"start":{"line":106,"column":22},"end":{"line":106,"column":23}},"loc":{"start":{"line":106,"column":32},"end":{"line":106,"column":50}},"line":106},"3":{"name":"(anonymous_3)","decl":{"start":{"line":107,"column":20},"end":{"line":107,"column":21}},"loc":{"start":{"line":108,"column":10},"end":{"line":138,"column":22}},"line":108},"4":{"name":"(anonymous_4)","decl":{"start":{"line":116,"column":21},"end":{"line":116,"column":22}},"loc":{"start":{"line":116,"column":27},"end":{"line":118,"column":13}},"line":116}},"branchMap":{"0":{"loc":{"start":{"line":75,"column":23},"end":{"line":75,"column":72}},"type":"cond-expr","locations":[{"start":{"line":75,"column":44},"end":{"line":75,"column":57}},{"start":{"line":75,"column":60},"end":{"line":75,"column":72}}],"line":75},"1":{"loc":{"start":{"line":101,"column":30},"end":{"line":101,"column":64}},"type":"binary-expr","locations":[{"start":{"line":101,"column":30},"end":{"line":101,"column":54}},{"start":{"line":101,"column":58},"end":{"line":101,"column":64}}],"line":101}},"s":{"0":1,"1":2,"2":2,"3":2,"4":2,"5":2,"6":6000,"7":2,"8":2,"9":30,"10":26,"11":0},"f":{"0":2,"1":6000,"2":30,"3":26,"4":0},"b":{"0":[2,0],"1":[2,0]},"_coverageSchema":"1a1c01bbd47fc00a2c39e90264f33305004495a9","hash":"f9eb27243b4a123170e4e3b7f5638ca7302bafb0"}
,"C:\\Users\\Usuario\\Documents\\CURSO 25-26\\DESARROLLO DE INTERFACES\\futsaleague\\app\\(tabs)\\utils\\filtros.ts": {"path":"C:\\Users\\Usuario\\Documents\\CURSO 25-26\\DESARROLLO DE INTERFACES\\futsaleague\\app\\(tabs)\\utils\\filtros.ts","statementMap":{"0":{"start":{"line":2,"column":2},"end":{"line":4,"column":4}},"1":{"start":{"line":3,"column":4},"end":{"line":3,"column":61}}},"fnMap":{"0":{"name":"filtrarEquipos","decl":{"start":{"line":1,"column":16},"end":{"line":1,"column":30}},"loc":{"start":{"line":1,"column":62},"end":{"line":5,"column":1}},"line":1},"1":{"name":"(anonymous_1)","decl":{"start":{"line":2,"column":24},"end":{"line":2,"column":25}},"loc":{"start":{"line":3,"column":4},"end":{"line":3,"column":61}},"line":3}},"branchMap":{},"s":{"0":5,"1":59},"f":{"0":5,"1":59},"b":{},"_coverageSchema":"1a1c01bbd47fc00a2c39e90264f33305004495a9","hash":"3579102bd926942d1b4791e850abcd108cab21a3"}
,"C:\\Users\\Usuario\\Documents\\CURSO 25-26\\DESARROLLO DE INTERFACES\\futsaleague\\constants\\colors.ts": {"path":"C:\\Users\\Usuario\\Documents\\CURSO 25-26\\DESARROLLO DE INTERFACES\\futsaleague\\constants\\colors.ts","statementMap":{"0":{"start":{"line":1,"column":22},"end":{"line":17,"column":1}}},"fnMap":{},"branchMap":{},"s":{"0":1},"f":{},"b":{},"_coverageSchema":"1a1c01bbd47fc00a2c39e90264f33305004495a9","hash":"8a34b6e1382724e9bcfe5719b64516486ff50009"}
,"C:\\Users\\Usuario\\Documents\\CURSO 25-26\\DESARROLLO DE INTERFACES\\futsaleague\\constants\\teams.ts": {"path":"C:\\Users\\Usuario\\Documents\\CURSO 25-26\\DESARROLLO DE INTERFACES\\futsaleague\\constants\\teams.ts","statementMap":{"0":{"start":{"line":9,"column":29},"end":{"line":185,"column":1}}},"fnMap":{},"branchMap":{},"s":{"0":1},"f":{},"b":{},"_coverageSchema":"1a1c01bbd47fc00a2c39e90264f33305004495a9","hash":"c87adacce92529f575172ffa95b4b8f3e44e091a"}
}
