TN:
SF:app\ThemeContext.tsx
FN:5,ThemeProvider
FNF:1
FNH:1
FNDA:1,ThemeProvider
DA:3,1
DA:6,1
DA:8,1
LF:3
LH:3
BRF:0
BRH:0
end_of_record
TN:
SF:app\(tabs)\search.tsx
FN:70,SearchScreen
FN:77,(anonymous_1)
FN:106,(anonymous_2)
FN:107,(anonymous_3)
FN:116,(anonymous_4)
FNF:5
FNH:4
FNDA:2,SearchScreen
FNDA:6000,(anonymous_1)
FNDA:30,(anonymous_2)
FNDA:26,(anonymous_3)
FNDA:0,(anonymous_4)
DA:17,1
DA:71,2
DA:72,2
DA:74,2
DA:75,2
DA:77,6000
DA:83,2
DA:85,2
DA:106,30
DA:108,26
DA:117,0
LF:11
LH:10
BRDA:75,0,0,2
BRDA:75,0,1,0
BRDA:101,1,0,2
BRDA:101,1,1,0
BRF:4
BRH:2
end_of_record
TN:
SF:app\(tabs)\utils\filtros.ts
FN:1,filtrarEquipos
FN:2,(anonymous_1)
FNF:2
FNH:2
FNDA:5,filtrarEquipos
FNDA:59,(anonymous_1)
DA:2,5
DA:3,59
LF:2
LH:2
BRF:0
BRH:0
end_of_record
TN:
SF:constants\colors.ts
FNF:0
FNH:0
DA:1,1
LF:1
LH:1
BRF:0
BRH:0
end_of_record
TN:
SF:constants\teams.ts
FNF:0
FNH:0
DA:9,1
LF:1
LH:1
BRF:0
BRH:0
end_of_record
